<?xml version="1.0" encoding="UTF-8"?>
<coverage generated="1634569633139" clover="3.2.0">
  <project timestamp="1634569633140" name="All files">
    <metrics statements="156" coveredstatements="147" conditionals="34" coveredconditionals="31" methods="20" coveredmethods="20" elements="210" coveredelements="198" complexity="0" loc="156" ncloc="156" packages="1" files="4" classes="4"/>
    <file name="card.js" path="/home/luke.fowles/BNTA_coursework/week_02/day_3/war/warCardGame/src/card.js">
      <metrics statements="5" coveredstatements="5" conditionals="0" coveredconditionals="0" methods="1" coveredmethods="1"/>
      <line num="1" count="4" type="stmt"/>
      <line num="2" count="1571" type="stmt"/>
      <line num="3" count="1571" type="stmt"/>
      <line num="4" count="1571" type="stmt"/>
      <line num="7" count="4" type="stmt"/>
    </file>
    <file name="deck.js" path="/home/luke.fowles/BNTA_coursework/week_02/day_3/war/warCardGame/src/deck.js">
      <metrics statements="29" coveredstatements="29" conditionals="0" coveredconditionals="0" methods="6" coveredmethods="6"/>
      <line num="1" count="3" type="stmt"/>
      <line num="3" count="3" type="stmt"/>
      <line num="4" count="31" type="stmt"/>
      <line num="7" count="3" type="stmt"/>
      <line num="8" count="30" type="stmt"/>
      <line num="9" count="30" type="stmt"/>
      <line num="10" count="30" type="stmt"/>
      <line num="11" count="30" type="stmt"/>
      <line num="12" count="30" type="stmt"/>
      <line num="13" count="120" type="stmt"/>
      <line num="14" count="1560" type="stmt"/>
      <line num="17" count="30" type="stmt"/>
      <line num="23" count="3" type="stmt"/>
      <line num="24" count="26" type="stmt"/>
      <line num="25" count="26" type="stmt"/>
      <line num="26" count="26" type="stmt"/>
      <line num="27" count="1326" type="stmt"/>
      <line num="28" count="1326" type="stmt"/>
      <line num="29" count="1326" type="stmt"/>
      <line num="30" count="1326" type="stmt"/>
      <line num="32" count="26" type="stmt"/>
      <line num="43" count="3" type="stmt"/>
      <line num="45" count="2" type="stmt"/>
      <line num="49" count="2" type="stmt"/>
      <line num="52" count="3" type="stmt"/>
      <line num="53" count="4" type="stmt"/>
      <line num="54" count="208" type="stmt"/>
      <line num="56" count="4" type="stmt"/>
      <line num="64" count="3" type="stmt"/>
    </file>
    <file name="game.js" path="/home/luke.fowles/BNTA_coursework/week_02/day_3/war/warCardGame/src/game.js">
      <metrics statements="104" coveredstatements="95" conditionals="32" coveredconditionals="29" methods="8" coveredmethods="8"/>
      <line num="1" count="1" type="stmt"/>
      <line num="2" count="1" type="stmt"/>
      <line num="4" count="1" type="cond" truecount="6" falsecount="0"/>
      <line num="6" count="14" type="stmt"/>
      <line num="7" count="14" type="stmt"/>
      <line num="8" count="14" type="stmt"/>
      <line num="9" count="14" type="stmt"/>
      <line num="10" count="14" type="stmt"/>
      <line num="11" count="14" type="stmt"/>
      <line num="12" count="14" type="stmt"/>
      <line num="13" count="14" type="stmt"/>
      <line num="17" count="1" type="stmt"/>
      <line num="19" count="16" type="stmt"/>
      <line num="20" count="16" type="stmt"/>
      <line num="22" count="16" type="stmt"/>
      <line num="23" count="16" type="stmt"/>
      <line num="24" count="16" type="stmt"/>
      <line num="26" count="16" type="stmt"/>
      <line num="27" count="832" type="cond" truecount="2" falsecount="0"/>
      <line num="28" count="416" type="stmt"/>
      <line num="30" count="416" type="stmt"/>
      <line num="36" count="16" type="stmt"/>
      <line num="40" count="1" type="stmt"/>
      <line num="41" count="1094" type="stmt"/>
      <line num="42" count="1094" type="stmt"/>
      <line num="61" count="1" type="stmt"/>
      <line num="62" count="1180" type="cond" truecount="2" falsecount="0"/>
      <line num="63" count="559" type="stmt"/>
      <line num="65" count="559" type="cond" truecount="2" falsecount="0"/>
      <line num="67" count="273" type="stmt"/>
      <line num="68" count="304" type="stmt"/>
      <line num="75" count="286" type="stmt"/>
      <line num="76" count="338" type="stmt"/>
      <line num="82" count="559" type="stmt"/>
      <line num="83" count="559" type="stmt"/>
      <line num="84" count="559" type="stmt"/>
      <line num="85" count="559" type="stmt"/>
      <line num="86" count="559" type="stmt"/>
      <line num="88" count="621" type="cond" truecount="2" falsecount="0"/>
      <line num="90" count="539" type="stmt"/>
      <line num="91" count="539" type="cond" truecount="2" falsecount="0"/>
      <line num="93" count="264" type="stmt"/>
      <line num="94" count="299" type="stmt"/>
      <line num="101" count="275" type="stmt"/>
      <line num="102" count="317" type="stmt"/>
      <line num="108" count="539" type="stmt"/>
      <line num="109" count="539" type="stmt"/>
      <line num="110" count="539" type="stmt"/>
      <line num="111" count="539" type="stmt"/>
      <line num="112" count="539" type="stmt"/>
      <line num="113" count="539" type="stmt"/>
      <line num="114" count="539" type="stmt"/>
      <line num="116" count="82" type="stmt"/>
      <line num="117" count="82" type="stmt"/>
      <line num="121" count="1" type="stmt"/>
      <line num="122" count="1102" type="cond" truecount="2" falsecount="0"/>
      <line num="124" count="3" type="stmt"/>
      <line num="125" count="3" type="stmt"/>
      <line num="126" count="3" type="stmt"/>
      <line num="127" count="3" type="stmt"/>
      <line num="129" count="1099" type="cond" truecount="2" falsecount="0"/>
      <line num="131" count="4" type="stmt"/>
      <line num="132" count="4" type="stmt"/>
      <line num="133" count="4" type="stmt"/>
      <line num="134" count="4" type="stmt"/>
      <line num="137" count="1" type="stmt"/>
      <line num="138" count="77" type="stmt"/>
      <line num="139" count="77" type="stmt"/>
      <line num="140" count="77" type="stmt"/>
      <line num="141" count="82" type="cond" truecount="3" falsecount="1"/>
      <line num="143" count="82" type="stmt"/>
      <line num="144" count="82" type="stmt"/>
      <line num="145" count="82" type="stmt"/>
      <line num="146" count="82" type="stmt"/>
      <line num="147" count="82" type="stmt"/>
      <line num="150" count="0" type="cond" truecount="0" falsecount="2"/>
      <line num="151" count="0" type="stmt"/>
      <line num="152" count="0" type="stmt"/>
      <line num="153" count="0" type="stmt"/>
      <line num="160" count="0" type="stmt"/>
      <line num="163" count="0" type="stmt"/>
      <line num="164" count="0" type="stmt"/>
      <line num="165" count="0" type="stmt"/>
      <line num="172" count="0" type="stmt"/>
      <line num="175" count="77" type="stmt"/>
      <line num="176" count="77" type="stmt"/>
      <line num="179" count="1" type="stmt"/>
      <line num="180" count="3" type="stmt"/>
      <line num="181" count="3" type="stmt"/>
      <line num="183" count="3" type="stmt"/>
      <line num="185" count="3" type="stmt"/>
      <line num="187" count="3" type="stmt"/>
      <line num="189" count="1097" type="stmt"/>
      <line num="190" count="1097" type="cond" truecount="2" falsecount="0"/>
      <line num="192" count="1094" type="stmt"/>
      <line num="195" count="1094" type="stmt"/>
      <line num="196" count="1094" type="cond" truecount="2" falsecount="0"/>
      <line num="197" count="77" type="stmt"/>
      <line num="203" count="1094" type="stmt"/>
      <line num="205" count="3" type="stmt"/>
      <line num="209" count="1" type="stmt"/>
      <line num="210" count="1" type="stmt"/>
      <line num="211" count="1" type="stmt"/>
      <line num="213" count="1" type="stmt"/>
    </file>
    <file name="players.js" path="/home/luke.fowles/BNTA_coursework/week_02/day_3/war/warCardGame/src/players.js">
      <metrics statements="18" coveredstatements="18" conditionals="2" coveredconditionals="2" methods="5" coveredmethods="5"/>
      <line num="1" count="2" type="stmt"/>
      <line num="3" count="2" type="cond" truecount="2" falsecount="0"/>
      <line num="4" count="37" type="stmt"/>
      <line num="5" count="37" type="stmt"/>
      <line num="6" count="37" type="stmt"/>
      <line num="7" count="37" type="stmt"/>
      <line num="10" count="2" type="stmt"/>
      <line num="11" count="2191" type="stmt"/>
      <line num="12" count="2191" type="stmt"/>
      <line num="14" count="2" type="stmt"/>
      <line num="16" count="165" type="stmt"/>
      <line num="17" count="165" type="stmt"/>
      <line num="18" count="165" type="stmt"/>
      <line num="21" count="2" type="stmt"/>
      <line num="22" count="2350" type="stmt"/>
      <line num="26" count="2" type="stmt"/>
      <line num="28" count="52" type="stmt"/>
      <line num="31" count="2" type="stmt"/>
    </file>
  </project>
</coverage>
