{"/home/luke.fowles/BNTA_coursework/week_02/day_3/war/warCardGame/src/card.js": {"path":"/home/luke.fowles/BNTA_coursework/week_02/day_3/war/warCardGame/src/card.js","statementMap":{"0":{"start":{"line":1,"column":13},"end":{"line":5,"column":1}},"1":{"start":{"line":2,"column":4},"end":{"line":2,"column":35}},"2":{"start":{"line":3,"column":4},"end":{"line":3,"column":23}},"3":{"start":{"line":4,"column":4},"end":{"line":4,"column":35}},"4":{"start":{"line":7,"column":0},"end":{"line":7,"column":22}}},"fnMap":{"0":{"name":"(anonymous_0)","decl":{"start":{"line":1,"column":13},"end":{"line":1,"column":14}},"loc":{"start":{"line":1,"column":41},"end":{"line":5,"column":1}},"line":1}},"branchMap":{},"s":{"0":3,"1":1363,"2":1363,"3":1363,"4":3},"f":{"0":1363},"b":{},"_coverageSchema":"1a1c01bbd47fc00a2c39e90264f33305004495a9","hash":"7b9c9dc2d9a27bec2d69deeb494b039f946ae376"}
,"/home/luke.fowles/BNTA_coursework/week_02/day_3/war/warCardGame/src/deck.js": {"path":"/home/luke.fowles/BNTA_coursework/week_02/day_3/war/warCardGame/src/deck.js","statementMap":{"0":{"start":{"line":1,"column":13},"end":{"line":1,"column":38}},"1":{"start":{"line":3,"column":13},"end":{"line":5,"column":1}},"2":{"start":{"line":4,"column":4},"end":{"line":4,"column":37}},"3":{"start":{"line":7,"column":0},"end":{"line":18,"column":1}},"4":{"start":{"line":8,"column":18},"end":{"line":8,"column":59}},"5":{"start":{"line":9,"column":18},"end":{"line":9,"column":122}},"6":{"start":{"line":10,"column":17},"end":{"line":10,"column":19}},"7":{"start":{"line":11,"column":24},"end":{"line":11,"column":36}},"8":{"start":{"line":12,"column":4},"end":{"line":16,"column":5}},"9":{"start":{"line":13,"column":8},"end":{"line":15,"column":9}},"10":{"start":{"line":14,"column":12},"end":{"line":14,"column":54}},"11":{"start":{"line":17,"column":4},"end":{"line":17,"column":29}},"12":{"start":{"line":23,"column":0},"end":{"line":33,"column":1}},"13":{"start":{"line":24,"column":17},"end":{"line":24,"column":34}},"14":{"start":{"line":25,"column":21},"end":{"line":25,"column":32}},"15":{"start":{"line":26,"column":4},"end":{"line":31,"column":5}},"16":{"start":{"line":26,"column":17},"end":{"line":26,"column":31}},"17":{"start":{"line":27,"column":16},"end":{"line":27,"column":51}},"18":{"start":{"line":28,"column":19},"end":{"line":28,"column":26}},"19":{"start":{"line":29,"column":8},"end":{"line":29,"column":26}},"20":{"start":{"line":30,"column":8},"end":{"line":30,"column":23}},"21":{"start":{"line":32,"column":4},"end":{"line":32,"column":29}},"22":{"start":{"line":43,"column":0},"end":{"line":50,"column":1}},"23":{"start":{"line":45,"column":29},"end":{"line":45,"column":50}},"24":{"start":{"line":49,"column":4},"end":{"line":49,"column":33}},"25":{"start":{"line":52,"column":0},"end":{"line":57,"column":1}},"26":{"start":{"line":53,"column":4},"end":{"line":53,"column":30}},"27":{"start":{"line":54,"column":22},"end":{"line":54,"column":76}},"28":{"start":{"line":54,"column":57},"end":{"line":54,"column":75}},"29":{"start":{"line":56,"column":4},"end":{"line":56,"column":28}},"30":{"start":{"line":64,"column":0},"end":{"line":64,"column":22}}},"fnMap":{"0":{"name":"(anonymous_0)","decl":{"start":{"line":3,"column":13},"end":{"line":3,"column":14}},"loc":{"start":{"line":3,"column":37},"end":{"line":5,"column":1}},"line":3},"1":{"name":"(anonymous_1)","decl":{"start":{"line":7,"column":26},"end":{"line":7,"column":27}},"loc":{"start":{"line":7,"column":37},"end":{"line":18,"column":1}},"line":7},"2":{"name":"(anonymous_2)","decl":{"start":{"line":23,"column":29},"end":{"line":23,"column":30}},"loc":{"start":{"line":23,"column":40},"end":{"line":33,"column":1}},"line":23},"3":{"name":"(anonymous_3)","decl":{"start":{"line":43,"column":35},"end":{"line":43,"column":36}},"loc":{"start":{"line":43,"column":58},"end":{"line":50,"column":1}},"line":43},"4":{"name":"(anonymous_4)","decl":{"start":{"line":52,"column":28},"end":{"line":52,"column":29}},"loc":{"start":{"line":52,"column":43},"end":{"line":57,"column":1}},"line":52},"5":{"name":"(anonymous_5)","decl":{"start":{"line":54,"column":47},"end":{"line":54,"column":48}},"loc":{"start":{"line":54,"column":57},"end":{"line":54,"column":75}},"line":54}},"branchMap":{},"s":{"0":2,"1":2,"2":27,"3":2,"4":26,"5":26,"6":26,"7":26,"8":26,"9":104,"10":1352,"11":26,"12":2,"13":22,"14":22,"15":22,"16":22,"17":1122,"18":1122,"19":1122,"20":1122,"21":22,"22":2,"23":2,"24":2,"25":2,"26":4,"27":4,"28":208,"29":4,"30":2},"f":{"0":27,"1":26,"2":22,"3":2,"4":4,"5":208},"b":{},"_coverageSchema":"1a1c01bbd47fc00a2c39e90264f33305004495a9","hash":"66d1c6acf02dc4704ffd874402718ac441cc9eb8"}
,"/home/luke.fowles/BNTA_coursework/week_02/day_3/war/warCardGame/src/game.js": {"path":"/home/luke.fowles/BNTA_coursework/week_02/day_3/war/warCardGame/src/game.js","statementMap":{"0":{"start":{"line":1,"column":15},"end":{"line":1,"column":43}},"1":{"start":{"line":2,"column":13},"end":{"line":2,"column":38}},"2":{"start":{"line":4,"column":13},"end":{"line":14,"column":1}},"3":{"start":{"line":6,"column":4},"end":{"line":6,"column":27}},"4":{"start":{"line":7,"column":4},"end":{"line":7,"column":27}},"5":{"start":{"line":8,"column":4},"end":{"line":8,"column":31}},"6":{"start":{"line":9,"column":4},"end":{"line":9,"column":21}},"7":{"start":{"line":10,"column":4},"end":{"line":10,"column":25}},"8":{"start":{"line":11,"column":4},"end":{"line":11,"column":23}},"9":{"start":{"line":12,"column":4},"end":{"line":12,"column":25}},"10":{"start":{"line":13,"column":4},"end":{"line":13,"column":19}},"11":{"start":{"line":17,"column":0},"end":{"line":37,"column":1}},"12":{"start":{"line":19,"column":4},"end":{"line":19,"column":47}},"13":{"start":{"line":20,"column":4},"end":{"line":20,"column":47}},"14":{"start":{"line":22,"column":4},"end":{"line":22,"column":29}},"15":{"start":{"line":23,"column":4},"end":{"line":23,"column":25}},"16":{"start":{"line":24,"column":4},"end":{"line":24,"column":28}},"17":{"start":{"line":26,"column":4},"end":{"line":32,"column":6}},"18":{"start":{"line":27,"column":8},"end":{"line":31,"column":9}},"19":{"start":{"line":28,"column":12},"end":{"line":28,"column":66}},"20":{"start":{"line":30,"column":12},"end":{"line":30,"column":66}},"21":{"start":{"line":36,"column":4},"end":{"line":36,"column":26}},"22":{"start":{"line":40,"column":0},"end":{"line":44,"column":1}},"23":{"start":{"line":41,"column":4},"end":{"line":41,"column":35}},"24":{"start":{"line":42,"column":4},"end":{"line":42,"column":35}},"25":{"start":{"line":61,"column":0},"end":{"line":119,"column":1}},"26":{"start":{"line":62,"column":4},"end":{"line":118,"column":6}},"27":{"start":{"line":63,"column":27},"end":{"line":63,"column":54}},"28":{"start":{"line":65,"column":8},"end":{"line":81,"column":9}},"29":{"start":{"line":67,"column":12},"end":{"line":69,"column":13}},"30":{"start":{"line":67,"column":25},"end":{"line":67,"column":26}},"31":{"start":{"line":68,"column":16},"end":{"line":68,"column":91}},"32":{"start":{"line":75,"column":12},"end":{"line":77,"column":13}},"33":{"start":{"line":75,"column":25},"end":{"line":75,"column":26}},"34":{"start":{"line":76,"column":16},"end":{"line":76,"column":91}},"35":{"start":{"line":82,"column":8},"end":{"line":82,"column":36}},"36":{"start":{"line":83,"column":8},"end":{"line":83,"column":36}},"37":{"start":{"line":84,"column":8},"end":{"line":84,"column":36}},"38":{"start":{"line":85,"column":8},"end":{"line":85,"column":25}},"39":{"start":{"line":86,"column":8},"end":{"line":86,"column":35}},"40":{"start":{"line":88,"column":9},"end":{"line":118,"column":6}},"41":{"start":{"line":90,"column":27},"end":{"line":90,"column":54}},"42":{"start":{"line":91,"column":8},"end":{"line":107,"column":9}},"43":{"start":{"line":93,"column":12},"end":{"line":95,"column":13}},"44":{"start":{"line":93,"column":25},"end":{"line":93,"column":26}},"45":{"start":{"line":94,"column":16},"end":{"line":94,"column":91}},"46":{"start":{"line":101,"column":12},"end":{"line":103,"column":13}},"47":{"start":{"line":101,"column":25},"end":{"line":101,"column":26}},"48":{"start":{"line":102,"column":16},"end":{"line":102,"column":91}},"49":{"start":{"line":108,"column":8},"end":{"line":108,"column":36}},"50":{"start":{"line":109,"column":8},"end":{"line":109,"column":36}},"51":{"start":{"line":110,"column":8},"end":{"line":110,"column":37}},"52":{"start":{"line":111,"column":8},"end":{"line":111,"column":39}},"53":{"start":{"line":112,"column":8},"end":{"line":112,"column":39}},"54":{"start":{"line":113,"column":8},"end":{"line":113,"column":25}},"55":{"start":{"line":114,"column":8},"end":{"line":114,"column":36}},"56":{"start":{"line":116,"column":9},"end":{"line":116,"column":25}},"57":{"start":{"line":117,"column":9},"end":{"line":117,"column":29}},"58":{"start":{"line":121,"column":0},"end":{"line":136,"column":1}},"59":{"start":{"line":122,"column":4},"end":{"line":135,"column":5}},"60":{"start":{"line":124,"column":8},"end":{"line":124,"column":31}},"61":{"start":{"line":125,"column":8},"end":{"line":125,"column":40}},"62":{"start":{"line":126,"column":8},"end":{"line":126,"column":38}},"63":{"start":{"line":127,"column":8},"end":{"line":127,"column":28}},"64":{"start":{"line":129,"column":9},"end":{"line":135,"column":5}},"65":{"start":{"line":131,"column":8},"end":{"line":131,"column":31}},"66":{"start":{"line":132,"column":8},"end":{"line":132,"column":40}},"67":{"start":{"line":133,"column":8},"end":{"line":133,"column":39}},"68":{"start":{"line":134,"column":8},"end":{"line":134,"column":28}},"69":{"start":{"line":137,"column":0},"end":{"line":177,"column":1}},"70":{"start":{"line":138,"column":4},"end":{"line":138,"column":24}},"71":{"start":{"line":139,"column":4},"end":{"line":139,"column":26}},"72":{"start":{"line":140,"column":4},"end":{"line":174,"column":5}},"73":{"start":{"line":141,"column":8},"end":{"line":173,"column":9}},"74":{"start":{"line":143,"column":12},"end":{"line":143,"column":34}},"75":{"start":{"line":144,"column":12},"end":{"line":144,"column":41}},"76":{"start":{"line":145,"column":12},"end":{"line":145,"column":49}},"77":{"start":{"line":146,"column":12},"end":{"line":146,"column":41}},"78":{"start":{"line":147,"column":12},"end":{"line":148,"column":79}},"79":{"start":{"line":150,"column":13},"end":{"line":173,"column":9}},"80":{"start":{"line":151,"column":12},"end":{"line":151,"column":32}},"81":{"start":{"line":152,"column":12},"end":{"line":155,"column":13}},"82":{"start":{"line":152,"column":25},"end":{"line":152,"column":26}},"83":{"start":{"line":153,"column":16},"end":{"line":153,"column":67}},"84":{"start":{"line":160,"column":12},"end":{"line":160,"column":29}},"85":{"start":{"line":163,"column":12},"end":{"line":163,"column":32}},"86":{"start":{"line":164,"column":12},"end":{"line":167,"column":13}},"87":{"start":{"line":164,"column":25},"end":{"line":164,"column":26}},"88":{"start":{"line":165,"column":16},"end":{"line":165,"column":67}},"89":{"start":{"line":172,"column":12},"end":{"line":172,"column":29}},"90":{"start":{"line":175,"column":4},"end":{"line":175,"column":32}},"91":{"start":{"line":176,"column":4},"end":{"line":176,"column":32}},"92":{"start":{"line":179,"column":0},"end":{"line":206,"column":1}},"93":{"start":{"line":180,"column":4},"end":{"line":180,"column":20}},"94":{"start":{"line":181,"column":4},"end":{"line":181,"column":42}},"95":{"start":{"line":183,"column":4},"end":{"line":183,"column":42}},"96":{"start":{"line":185,"column":23},"end":{"line":185,"column":24}},"97":{"start":{"line":187,"column":4},"end":{"line":204,"column":5}},"98":{"start":{"line":189,"column":8},"end":{"line":189,"column":24}},"99":{"start":{"line":190,"column":8},"end":{"line":190,"column":35}},"100":{"start":{"line":190,"column":28},"end":{"line":190,"column":34}},"101":{"start":{"line":192,"column":8},"end":{"line":192,"column":24}},"102":{"start":{"line":195,"column":8},"end":{"line":195,"column":78}},"103":{"start":{"line":196,"column":8},"end":{"line":198,"column":9}},"104":{"start":{"line":197,"column":10},"end":{"line":197,"column":25}},"105":{"start":{"line":203,"column":8},"end":{"line":203,"column":23}},"106":{"start":{"line":205,"column":4},"end":{"line":205,"column":31}},"107":{"start":{"line":209,"column":13},"end":{"line":209,"column":23}},"108":{"start":{"line":210,"column":0},"end":{"line":210,"column":16}},"109":{"start":{"line":211,"column":0},"end":{"line":211,"column":25}},"110":{"start":{"line":213,"column":0},"end":{"line":213,"column":22}}},"fnMap":{"0":{"name":"(anonymous_0)","decl":{"start":{"line":4,"column":13},"end":{"line":4,"column":14}},"loc":{"start":{"line":5,"column":49},"end":{"line":14,"column":1}},"line":5},"1":{"name":"(anonymous_1)","decl":{"start":{"line":17,"column":26},"end":{"line":17,"column":27}},"loc":{"start":{"line":17,"column":60},"end":{"line":37,"column":1}},"line":17},"2":{"name":"(anonymous_2)","decl":{"start":{"line":26,"column":35},"end":{"line":26,"column":36}},"loc":{"start":{"line":26,"column":52},"end":{"line":32,"column":5}},"line":26},"3":{"name":"(anonymous_3)","decl":{"start":{"line":40,"column":26},"end":{"line":40,"column":27}},"loc":{"start":{"line":40,"column":36},"end":{"line":44,"column":1}},"line":40},"4":{"name":"(anonymous_4)","decl":{"start":{"line":61,"column":30},"end":{"line":61,"column":31}},"loc":{"start":{"line":61,"column":53},"end":{"line":119,"column":1}},"line":61},"5":{"name":"(anonymous_5)","decl":{"start":{"line":121,"column":26},"end":{"line":121,"column":27}},"loc":{"start":{"line":121,"column":38},"end":{"line":136,"column":1}},"line":121},"6":{"name":"(anonymous_6)","decl":{"start":{"line":137,"column":25},"end":{"line":137,"column":26}},"loc":{"start":{"line":137,"column":36},"end":{"line":177,"column":1}},"line":137},"7":{"name":"(anonymous_7)","decl":{"start":{"line":179,"column":26},"end":{"line":179,"column":27}},"loc":{"start":{"line":179,"column":36},"end":{"line":206,"column":1}},"line":179}},"branchMap":{"0":{"loc":{"start":{"line":4,"column":22},"end":{"line":4,"column":32}},"type":"default-arg","locations":[{"start":{"line":4,"column":30},"end":{"line":4,"column":32}}],"line":4},"1":{"loc":{"start":{"line":4,"column":34},"end":{"line":4,"column":44}},"type":"default-arg","locations":[{"start":{"line":4,"column":42},"end":{"line":4,"column":44}}],"line":4},"2":{"loc":{"start":{"line":4,"column":46},"end":{"line":4,"column":63}},"type":"default-arg","locations":[{"start":{"line":4,"column":58},"end":{"line":4,"column":63}}],"line":4},"3":{"loc":{"start":{"line":4,"column":65},"end":{"line":4,"column":76}},"type":"default-arg","locations":[{"start":{"line":4,"column":72},"end":{"line":4,"column":76}}],"line":4},"4":{"loc":{"start":{"line":4,"column":78},"end":{"line":4,"column":91}},"type":"default-arg","locations":[{"start":{"line":4,"column":87},"end":{"line":4,"column":91}}],"line":4},"5":{"loc":{"start":{"line":4,"column":93},"end":{"line":4,"column":105}},"type":"default-arg","locations":[{"start":{"line":4,"column":101},"end":{"line":4,"column":105}}],"line":4},"6":{"loc":{"start":{"line":5,"column":22},"end":{"line":5,"column":34}},"type":"default-arg","locations":[{"start":{"line":5,"column":30},"end":{"line":5,"column":34}}],"line":5},"7":{"loc":{"start":{"line":5,"column":36},"end":{"line":5,"column":47}},"type":"default-arg","locations":[{"start":{"line":5,"column":42},"end":{"line":5,"column":47}}],"line":5},"8":{"loc":{"start":{"line":27,"column":8},"end":{"line":31,"column":9}},"type":"if","locations":[{"start":{"line":27,"column":8},"end":{"line":31,"column":9}},{"start":{"line":27,"column":8},"end":{"line":31,"column":9}}],"line":27},"9":{"loc":{"start":{"line":62,"column":4},"end":{"line":118,"column":6}},"type":"if","locations":[{"start":{"line":62,"column":4},"end":{"line":118,"column":6}},{"start":{"line":62,"column":4},"end":{"line":118,"column":6}}],"line":62},"10":{"loc":{"start":{"line":65,"column":8},"end":{"line":81,"column":9}},"type":"if","locations":[{"start":{"line":65,"column":8},"end":{"line":81,"column":9}},{"start":{"line":65,"column":8},"end":{"line":81,"column":9}}],"line":65},"11":{"loc":{"start":{"line":88,"column":9},"end":{"line":118,"column":6}},"type":"if","locations":[{"start":{"line":88,"column":9},"end":{"line":118,"column":6}},{"start":{"line":88,"column":9},"end":{"line":118,"column":6}}],"line":88},"12":{"loc":{"start":{"line":91,"column":8},"end":{"line":107,"column":9}},"type":"if","locations":[{"start":{"line":91,"column":8},"end":{"line":107,"column":9}},{"start":{"line":91,"column":8},"end":{"line":107,"column":9}}],"line":91},"13":{"loc":{"start":{"line":122,"column":4},"end":{"line":135,"column":5}},"type":"if","locations":[{"start":{"line":122,"column":4},"end":{"line":135,"column":5}},{"start":{"line":122,"column":4},"end":{"line":135,"column":5}}],"line":122},"14":{"loc":{"start":{"line":129,"column":9},"end":{"line":135,"column":5}},"type":"if","locations":[{"start":{"line":129,"column":9},"end":{"line":135,"column":5}},{"start":{"line":129,"column":9},"end":{"line":135,"column":5}}],"line":129},"15":{"loc":{"start":{"line":141,"column":8},"end":{"line":173,"column":9}},"type":"if","locations":[{"start":{"line":141,"column":8},"end":{"line":173,"column":9}},{"start":{"line":141,"column":8},"end":{"line":173,"column":9}}],"line":141},"16":{"loc":{"start":{"line":141,"column":11},"end":{"line":141,"column":71}},"type":"binary-expr","locations":[{"start":{"line":141,"column":11},"end":{"line":141,"column":39}},{"start":{"line":141,"column":43},"end":{"line":141,"column":71}}],"line":141},"17":{"loc":{"start":{"line":150,"column":13},"end":{"line":173,"column":9}},"type":"if","locations":[{"start":{"line":150,"column":13},"end":{"line":173,"column":9}},{"start":{"line":150,"column":13},"end":{"line":173,"column":9}}],"line":150},"18":{"loc":{"start":{"line":190,"column":8},"end":{"line":190,"column":35}},"type":"if","locations":[{"start":{"line":190,"column":8},"end":{"line":190,"column":35}},{"start":{"line":190,"column":8},"end":{"line":190,"column":35}}],"line":190},"19":{"loc":{"start":{"line":196,"column":8},"end":{"line":198,"column":9}},"type":"if","locations":[{"start":{"line":196,"column":8},"end":{"line":198,"column":9}},{"start":{"line":196,"column":8},"end":{"line":198,"column":9}}],"line":196}},"s":{"0":1,"1":1,"2":1,"3":14,"4":14,"5":14,"6":14,"7":14,"8":14,"9":14,"10":14,"11":1,"12":16,"13":16,"14":16,"15":16,"16":16,"17":16,"18":832,"19":416,"20":416,"21":16,"22":1,"23":1088,"24":1088,"25":1,"26":1159,"27":555,"28":555,"29":300,"30":300,"31":335,"32":255,"33":255,"34":289,"35":555,"36":555,"37":555,"38":555,"39":555,"40":604,"41":537,"42":537,"43":276,"44":276,"45":307,"46":261,"47":261,"48":291,"49":537,"50":537,"51":537,"52":537,"53":537,"54":537,"55":537,"56":67,"57":67,"58":1,"59":1096,"60":3,"61":3,"62":3,"63":3,"64":1093,"65":4,"66":4,"67":4,"68":4,"69":1,"70":64,"71":64,"72":64,"73":67,"74":67,"75":67,"76":67,"77":67,"78":67,"79":0,"80":0,"81":0,"82":0,"83":0,"84":0,"85":0,"86":0,"87":0,"88":0,"89":0,"90":64,"91":64,"92":1,"93":3,"94":3,"95":3,"96":3,"97":3,"98":1091,"99":1091,"100":3,"101":1088,"102":1088,"103":1088,"104":64,"105":1088,"106":3,"107":1,"108":1,"109":1,"110":1},"f":{"0":14,"1":16,"2":832,"3":1088,"4":1159,"5":1096,"6":64,"7":3},"b":{"0":[14],"1":[14],"2":[14],"3":[14],"4":[14],"5":[14],"6":[14],"7":[14],"8":[416,416],"9":[555,604],"10":[300,255],"11":[537,67],"12":[276,261],"13":[3,1093],"14":[4,1089],"15":[67,0],"16":[67,67],"17":[0,0],"18":[3,1088],"19":[64,1024]},"_coverageSchema":"1a1c01bbd47fc00a2c39e90264f33305004495a9","hash":"fc3db800ebd2fdd48c42b032c2ec602a214f3eb2"}
,"/home/luke.fowles/BNTA_coursework/week_02/day_3/war/warCardGame/src/players.js": {"path":"/home/luke.fowles/BNTA_coursework/week_02/day_3/war/warCardGame/src/players.js","statementMap":{"0":{"start":{"line":1,"column":13},"end":{"line":1,"column":38}},"1":{"start":{"line":3,"column":15},"end":{"line":8,"column":1}},"2":{"start":{"line":4,"column":4},"end":{"line":4,"column":33}},"3":{"start":{"line":5,"column":4},"end":{"line":5,"column":21}},"4":{"start":{"line":6,"column":4},"end":{"line":6,"column":35}},"5":{"start":{"line":7,"column":4},"end":{"line":7,"column":27}},"6":{"start":{"line":10,"column":0},"end":{"line":12,"column":43}},"7":{"start":{"line":11,"column":4},"end":{"line":11,"column":39}},"8":{"start":{"line":12,"column":4},"end":{"line":12,"column":40}},"9":{"start":{"line":14,"column":0},"end":{"line":19,"column":1}},"10":{"start":{"line":16,"column":4},"end":{"line":16,"column":42}},"11":{"start":{"line":17,"column":4},"end":{"line":17,"column":42}},"12":{"start":{"line":18,"column":4},"end":{"line":18,"column":30}},"13":{"start":{"line":21,"column":0},"end":{"line":23,"column":1}},"14":{"start":{"line":22,"column":4},"end":{"line":22,"column":22}},"15":{"start":{"line":26,"column":0},"end":{"line":29,"column":1}},"16":{"start":{"line":28,"column":4},"end":{"line":28,"column":33}},"17":{"start":{"line":31,"column":0},"end":{"line":31,"column":24}}},"fnMap":{"0":{"name":"(anonymous_0)","decl":{"start":{"line":3,"column":15},"end":{"line":3,"column":16}},"loc":{"start":{"line":3,"column":75},"end":{"line":8,"column":1}},"line":3},"1":{"name":"(anonymous_1)","decl":{"start":{"line":10,"column":35},"end":{"line":10,"column":36}},"loc":{"start":{"line":10,"column":46},"end":{"line":12,"column":42}},"line":10},"2":{"name":"(anonymous_2)","decl":{"start":{"line":14,"column":33},"end":{"line":14,"column":34}},"loc":{"start":{"line":14,"column":44},"end":{"line":19,"column":1}},"line":14},"3":{"name":"(anonymous_3)","decl":{"start":{"line":21,"column":32},"end":{"line":21,"column":33}},"loc":{"start":{"line":21,"column":44},"end":{"line":23,"column":1}},"line":21},"4":{"name":"(anonymous_4)","decl":{"start":{"line":26,"column":26},"end":{"line":26,"column":27}},"loc":{"start":{"line":26,"column":41},"end":{"line":29,"column":1}},"line":26}},"branchMap":{"0":{"loc":{"start":{"line":3,"column":42},"end":{"line":3,"column":60}},"type":"default-arg","locations":[{"start":{"line":3,"column":54},"end":{"line":3,"column":60}}],"line":3},"1":{"loc":{"start":{"line":3,"column":62},"end":{"line":3,"column":74}},"type":"default-arg","locations":[{"start":{"line":3,"column":72},"end":{"line":3,"column":74}}],"line":3}},"s":{"0":1,"1":1,"2":32,"3":32,"4":32,"5":32,"6":1,"7":2176,"8":2176,"9":1,"10":134,"11":134,"12":134,"13":1,"14":2312,"15":1,"16":0,"17":1},"f":{"0":32,"1":2176,"2":134,"3":2312,"4":0},"b":{"0":[32],"1":[32]},"_coverageSchema":"1a1c01bbd47fc00a2c39e90264f33305004495a9","hash":"cdce5d7c8b36918b46864b01f151530631c4a243"}
}
