TN:
SF:src/card.js
FN:1,(anonymous_0)
FNF:1
FNH:1
FNDA:1571,(anonymous_0)
DA:1,4
DA:2,1571
DA:3,1571
DA:4,1571
DA:7,4
LF:5
LH:5
BRF:0
BRH:0
end_of_record
TN:
SF:src/deck.js
FN:3,(anonymous_0)
FN:7,(anonymous_1)
FN:23,(anonymous_2)
FN:43,(anonymous_3)
FN:52,(anonymous_4)
FN:54,(anonymous_5)
FNF:6
FNH:6
FNDA:31,(anonymous_0)
FNDA:30,(anonymous_1)
FNDA:26,(anonymous_2)
FNDA:2,(anonymous_3)
FNDA:4,(anonymous_4)
FNDA:208,(anonymous_5)
DA:1,3
DA:3,3
DA:4,31
DA:7,3
DA:8,30
DA:9,30
DA:10,30
DA:11,30
DA:12,30
DA:13,120
DA:14,1560
DA:17,30
DA:23,3
DA:24,26
DA:25,26
DA:26,26
DA:27,1326
DA:28,1326
DA:29,1326
DA:30,1326
DA:32,26
DA:43,3
DA:45,2
DA:49,2
DA:52,3
DA:53,4
DA:54,208
DA:56,4
DA:64,3
LF:29
LH:29
BRF:0
BRH:0
end_of_record
TN:
SF:src/game.js
FN:4,(anonymous_0)
FN:17,(anonymous_1)
FN:26,(anonymous_2)
FN:40,(anonymous_3)
FN:61,(anonymous_4)
FN:121,(anonymous_5)
FN:137,(anonymous_6)
FN:179,(anonymous_7)
FNF:8
FNH:8
FNDA:14,(anonymous_0)
FNDA:16,(anonymous_1)
FNDA:832,(anonymous_2)
FNDA:1094,(anonymous_3)
FNDA:1180,(anonymous_4)
FNDA:1102,(anonymous_5)
FNDA:77,(anonymous_6)
FNDA:3,(anonymous_7)
DA:1,1
DA:2,1
DA:4,1
DA:6,14
DA:7,14
DA:8,14
DA:9,14
DA:10,14
DA:11,14
DA:12,14
DA:13,14
DA:17,1
DA:19,16
DA:20,16
DA:22,16
DA:23,16
DA:24,16
DA:26,16
DA:27,832
DA:28,416
DA:30,416
DA:36,16
DA:40,1
DA:41,1094
DA:42,1094
DA:61,1
DA:62,1180
DA:63,559
DA:65,559
DA:67,273
DA:68,304
DA:75,286
DA:76,338
DA:82,559
DA:83,559
DA:84,559
DA:85,559
DA:86,559
DA:88,621
DA:90,539
DA:91,539
DA:93,264
DA:94,299
DA:101,275
DA:102,317
DA:108,539
DA:109,539
DA:110,539
DA:111,539
DA:112,539
DA:113,539
DA:114,539
DA:116,82
DA:117,82
DA:121,1
DA:122,1102
DA:124,3
DA:125,3
DA:126,3
DA:127,3
DA:129,1099
DA:131,4
DA:132,4
DA:133,4
DA:134,4
DA:137,1
DA:138,77
DA:139,77
DA:140,77
DA:141,82
DA:143,82
DA:144,82
DA:145,82
DA:146,82
DA:147,82
DA:150,0
DA:151,0
DA:152,0
DA:153,0
DA:160,0
DA:163,0
DA:164,0
DA:165,0
DA:172,0
DA:175,77
DA:176,77
DA:179,1
DA:180,3
DA:181,3
DA:183,3
DA:185,3
DA:187,3
DA:189,1097
DA:190,1097
DA:192,1094
DA:195,1094
DA:196,1094
DA:197,77
DA:203,1094
DA:205,3
DA:209,1
DA:210,1
DA:211,1
DA:213,1
LF:104
LH:95
BRDA:4,0,0,14
BRDA:4,1,0,14
BRDA:4,2,0,14
BRDA:4,3,0,14
BRDA:4,4,0,14
BRDA:4,5,0,14
BRDA:5,6,0,14
BRDA:5,7,0,14
BRDA:27,8,0,416
BRDA:27,8,1,416
BRDA:62,9,0,559
BRDA:62,9,1,621
BRDA:65,10,0,273
BRDA:65,10,1,286
BRDA:88,11,0,539
BRDA:88,11,1,82
BRDA:91,12,0,264
BRDA:91,12,1,275
BRDA:122,13,0,3
BRDA:122,13,1,1099
BRDA:129,14,0,4
BRDA:129,14,1,1095
BRDA:141,15,0,82
BRDA:141,15,1,0
BRDA:141,16,0,82
BRDA:141,16,1,82
BRDA:150,17,0,0
BRDA:150,17,1,0
BRDA:190,18,0,3
BRDA:190,18,1,1094
BRDA:196,19,0,77
BRDA:196,19,1,1017
BRF:32
BRH:29
end_of_record
TN:
SF:src/players.js
FN:3,(anonymous_0)
FN:10,(anonymous_1)
FN:14,(anonymous_2)
FN:21,(anonymous_3)
FN:26,(anonymous_4)
FNF:5
FNH:5
FNDA:37,(anonymous_0)
FNDA:2191,(anonymous_1)
FNDA:165,(anonymous_2)
FNDA:2350,(anonymous_3)
FNDA:52,(anonymous_4)
DA:1,2
DA:3,2
DA:4,37
DA:5,37
DA:6,37
DA:7,37
DA:10,2
DA:11,2191
DA:12,2191
DA:14,2
DA:16,165
DA:17,165
DA:18,165
DA:21,2
DA:22,2350
DA:26,2
DA:28,52
DA:31,2
LF:18
LH:18
BRDA:3,0,0,37
BRDA:3,1,0,37
BRF:2
BRH:2
end_of_record
