TN:
SF:src/card.js
FN:1,(anonymous_0)
FNF:1
FNH:1
FNDA:1363,(anonymous_0)
DA:1,3
DA:2,1363
DA:3,1363
DA:4,1363
DA:7,3
LF:5
LH:5
BRF:0
BRH:0
end_of_record
TN:
SF:src/deck.js
FN:3,(anonymous_0)
FN:7,(anonymous_1)
FN:23,(anonymous_2)
FN:43,(anonymous_3)
FN:52,(anonymous_4)
FN:54,(anonymous_5)
FNF:6
FNH:6
FNDA:27,(anonymous_0)
FNDA:26,(anonymous_1)
FNDA:22,(anonymous_2)
FNDA:2,(anonymous_3)
FNDA:4,(anonymous_4)
FNDA:208,(anonymous_5)
DA:1,2
DA:3,2
DA:4,27
DA:7,2
DA:8,26
DA:9,26
DA:10,26
DA:11,26
DA:12,26
DA:13,104
DA:14,1352
DA:17,26
DA:23,2
DA:24,22
DA:25,22
DA:26,22
DA:27,1122
DA:28,1122
DA:29,1122
DA:30,1122
DA:32,22
DA:43,2
DA:45,2
DA:49,2
DA:52,2
DA:53,4
DA:54,208
DA:56,4
DA:64,2
LF:29
LH:29
BRF:0
BRH:0
end_of_record
TN:
SF:src/game.js
FN:4,(anonymous_0)
FN:17,(anonymous_1)
FN:26,(anonymous_2)
FN:40,(anonymous_3)
FN:61,(anonymous_4)
FN:121,(anonymous_5)
FN:137,(anonymous_6)
FN:179,(anonymous_7)
FNF:8
FNH:8
FNDA:14,(anonymous_0)
FNDA:16,(anonymous_1)
FNDA:832,(anonymous_2)
FNDA:1088,(anonymous_3)
FNDA:1159,(anonymous_4)
FNDA:1096,(anonymous_5)
FNDA:64,(anonymous_6)
FNDA:3,(anonymous_7)
DA:1,1
DA:2,1
DA:4,1
DA:6,14
DA:7,14
DA:8,14
DA:9,14
DA:10,14
DA:11,14
DA:12,14
DA:13,14
DA:17,1
DA:19,16
DA:20,16
DA:22,16
DA:23,16
DA:24,16
DA:26,16
DA:27,832
DA:28,416
DA:30,416
DA:36,16
DA:40,1
DA:41,1088
DA:42,1088
DA:61,1
DA:62,1159
DA:63,555
DA:65,555
DA:67,300
DA:68,335
DA:75,255
DA:76,289
DA:82,555
DA:83,555
DA:84,555
DA:85,555
DA:86,555
DA:88,604
DA:90,537
DA:91,537
DA:93,276
DA:94,307
DA:101,261
DA:102,291
DA:108,537
DA:109,537
DA:110,537
DA:111,537
DA:112,537
DA:113,537
DA:114,537
DA:116,67
DA:117,67
DA:121,1
DA:122,1096
DA:124,3
DA:125,3
DA:126,3
DA:127,3
DA:129,1093
DA:131,4
DA:132,4
DA:133,4
DA:134,4
DA:137,1
DA:138,64
DA:139,64
DA:140,64
DA:141,67
DA:143,67
DA:144,67
DA:145,67
DA:146,67
DA:147,67
DA:150,0
DA:151,0
DA:152,0
DA:153,0
DA:160,0
DA:163,0
DA:164,0
DA:165,0
DA:172,0
DA:175,64
DA:176,64
DA:179,1
DA:180,3
DA:181,3
DA:183,3
DA:185,3
DA:187,3
DA:189,1091
DA:190,1091
DA:192,1088
DA:195,1088
DA:196,1088
DA:197,64
DA:203,1088
DA:205,3
DA:209,1
DA:210,1
DA:211,1
DA:213,1
LF:104
LH:95
BRDA:4,0,0,14
BRDA:4,1,0,14
BRDA:4,2,0,14
BRDA:4,3,0,14
BRDA:4,4,0,14
BRDA:4,5,0,14
BRDA:5,6,0,14
BRDA:5,7,0,14
BRDA:27,8,0,416
BRDA:27,8,1,416
BRDA:62,9,0,555
BRDA:62,9,1,604
BRDA:65,10,0,300
BRDA:65,10,1,255
BRDA:88,11,0,537
BRDA:88,11,1,67
BRDA:91,12,0,276
BRDA:91,12,1,261
BRDA:122,13,0,3
BRDA:122,13,1,1093
BRDA:129,14,0,4
BRDA:129,14,1,1089
BRDA:141,15,0,67
BRDA:141,15,1,0
BRDA:141,16,0,67
BRDA:141,16,1,67
BRDA:150,17,0,0
BRDA:150,17,1,0
BRDA:190,18,0,3
BRDA:190,18,1,1088
BRDA:196,19,0,64
BRDA:196,19,1,1024
BRF:32
BRH:29
end_of_record
TN:
SF:src/players.js
FN:3,(anonymous_0)
FN:10,(anonymous_1)
FN:14,(anonymous_2)
FN:21,(anonymous_3)
FN:26,(anonymous_4)
FNF:5
FNH:4
FNDA:32,(anonymous_0)
FNDA:2176,(anonymous_1)
FNDA:134,(anonymous_2)
FNDA:2312,(anonymous_3)
FNDA:0,(anonymous_4)
DA:1,1
DA:3,1
DA:4,32
DA:5,32
DA:6,32
DA:7,32
DA:10,1
DA:11,2176
DA:12,2176
DA:14,1
DA:16,134
DA:17,134
DA:18,134
DA:21,1
DA:22,2312
DA:26,1
DA:28,0
DA:31,1
LF:18
LH:17
BRDA:3,0,0,32
BRDA:3,1,0,32
BRF:2
BRH:2
end_of_record
